FlexPDE Version 6.36s/W32  14:13:44 Jan  8 2015
(Times listed are wall-clock times, not charged CPU).

START C:\Users\Nathan Latka\OneDrive - McMaster University\Documents\GitHub\2CM4_Projects\DA-1\assignement 1 rocket.pde  11:31:10 1/22/24
Using 1 Thread(s)
 +00:00:00| STEP FAILED. RETRY at Dt= 4.267e-5
 +00:00:00| STEP FAILED. RETRY at Dt= 2.133e-5
 +00:00:00| Step 2 Time= 4.267e-5 Dt= 2.133e-5 Nodes=9 Cells=2 RMS ERR= 1.36e-15 MAX ERR= 1.42e-15 TIME ERR= 0.005248 MEM=375
 +00:00:00| Step 3 Time= 6.400e-5 Dt= 2.133e-5 Nodes=9 Cells=2 RMS ERR= 1.76e-15 MAX ERR= 1.83e-15 TIME ERR= 6.181e-4 MEM=375
 +00:00:00| Step 4 Time= 8.794e-5 Dt= 2.394e-5 Nodes=9 Cells=2 RMS ERR= 9.34e-16 MAX ERR= 9.76e-16 TIME ERR= 5.383e-4 MEM=375
 +00:00:00| Step 5 Time= 1.148e-4 Dt= 2.686e-5 Nodes=9 Cells=2 RMS ERR= 1.01e-15 MAX ERR= 1.05e-15 TIME ERR= 2.089e-4 MEM=375
 +00:00:00| Step 6 Time= 1.449e-4 Dt= 3.013e-5 Nodes=9 Cells=2 RMS ERR= 2.74e-17 MAX ERR= 2.74e-17 TIME ERR= 8.113e-5 MEM=375
 +00:00:00| Step 7 Time= 1.787e-4 Dt= 3.381e-5 Nodes=9 Cells=2 RMS ERR= 1.17e-15 MAX ERR= 1.22e-15 TIME ERR= 3.155e-5 MEM=375
 +00:00:00| Step 8 Time= 2.167e-4 Dt= 3.794e-5 Nodes=9 Cells=2 RMS ERR= 1.25e-15 MAX ERR= 1.31e-15 TIME ERR= 1.234e-5 MEM=375
 +00:00:00| Step 9 Time= 2.592e-4 Dt= 4.257e-5 Nodes=9 Cells=2 RMS ERR= 2.67e-15 MAX ERR= 2.79e-15 TIME ERR= 4.925e-6 MEM=375
 +00:00:00| Step 10 Time= 3.070e-4 Dt= 4.776e-5 Nodes=9 Cells=2 RMS ERR= 5.69e-15 MAX ERR= 5.93e-15 TIME ERR= 2.103e-6 MEM=375
 +00:00:00| Step 11 Time= 3.606e-4 Dt= 5.359e-5 Nodes=9 Cells=2 RMS ERR= 1.51e-15 MAX ERR= 1.57e-15 TIME ERR= 1.087e-6 MEM=375
 +00:00:00| Step 12 Time= 4.207e-4 Dt= 6.013e-5 Nodes=9 Cells=2 RMS ERR= 2.10e-16 MAX ERR= 2.19e-16 TIME ERR= 8.041e-7 MEM=375
 +00:00:00| Step 13 Time= 4.882e-4 Dt= 6.746e-5 Nodes=9 Cells=2 RMS ERR= 1.75e-15 MAX ERR= 1.75e-15 TIME ERR= 8.521e-7 MEM=375
 +00:00:00| Step 14 Time= 5.639e-4 Dt= 7.569e-5 Nodes=9 Cells=2 RMS ERR= 1.84e-15 MAX ERR= 1.84e-15 TIME ERR= 1.094e-6 MEM=375
 +00:00:00| Step 15 Time= 6.488e-4 Dt= 8.493e-5 Nodes=9 Cells=2 RMS ERR= 5.53e-15 MAX ERR= 5.77e-15 TIME ERR= 1.502e-6 MEM=375
 +00:00:00| Step 16 Time= 7.441e-4 Dt= 9.529e-5 Nodes=9 Cells=2 RMS ERR= 3.84e-15 MAX ERR= 4.01e-15 TIME ERR= 2.106e-6 MEM=375
 +00:00:00| Step 17 Time= 8.510e-4 Dt= 1.069e-4 Nodes=9 Cells=2 RMS ERR= 6.00e-15 MAX ERR= 6.26e-15 TIME ERR= 2.968e-6 MEM=375
 +00:00:00| Step 18 Time= 9.710e-4 Dt= 1.200e-4 Nodes=9 Cells=2 RMS ERR= 2.16e-15 MAX ERR= 2.16e-15 TIME ERR= 4.191e-6 MEM=376
 +00:00:00| Step 19 Time= 0.001106 Dt= 1.346e-4 Nodes=9 Cells=2 RMS ERR= 2.27e-15 MAX ERR= 2.29e-15 TIME ERR= 5.919e-6 MEM=376
 +00:00:00| Step 20 Time= 0.001257 Dt= 1.510e-4 Nodes=9 Cells=2 RMS ERR= 4.62e-15 MAX ERR= 4.62e-15 TIME ERR= 8.362e-6 MEM=376
 +00:00:00| Step 21 Time= 0.001426 Dt= 1.695e-4 Nodes=9 Cells=2 RMS ERR= 4.55e-15 MAX ERR= 4.75e-15 TIME ERR= 1.181e-5 MEM=376
 +00:00:00| Step 22 Time= 0.001596 Dt= 1.695e-4 Nodes=9 Cells=2 RMS ERR= 4.32e-15 MAX ERR= 4.51e-15 TIME ERR= 1.224e-5 MEM=376
 +00:00:00| Step 23 Time= 0.001765 Dt= 1.695e-4 Nodes=9 Cells=2 RMS ERR= 4.01e-15 MAX ERR= 4.19e-15 TIME ERR= 1.282e-5 MEM=376
 +00:00:00| Step 24 Time= 0.001934 Dt= 1.695e-4 Nodes=9 Cells=2 RMS ERR= 3.75e-15 MAX ERR= 3.92e-15 TIME ERR= 1.301e-5 MEM=376
 +00:00:00| Step 25 Time= 0.002104 Dt= 1.695e-4 Nodes=9 Cells=2 RMS ERR= 3.52e-15 MAX ERR= 3.68e-15 TIME ERR= 1.308e-5 MEM=376
 +00:00:00| Step 26 Time= 0.002273 Dt= 1.695e-4 Nodes=9 Cells=2 RMS ERR= 1.71e-15 MAX ERR= 1.71e-15 TIME ERR= 1.310e-5 MEM=376
 +00:00:00| Step 27 Time= 0.002443 Dt= 1.695e-4 Nodes=9 Cells=2 RMS ERR= 1.55e-15 MAX ERR= 1.61e-15 TIME ERR= 1.311e-5 MEM=376
 +00:00:00| Step 28 Time= 0.002612 Dt= 1.695e-4 Nodes=9 Cells=2 RMS ERR= 1.60e-15 MAX ERR= 1.65e-15 TIME ERR= 1.311e-5 MEM=376
 +00:00:00| Step 29 Time= 0.002782 Dt= 1.695e-4 Nodes=9 Cells=2 RMS ERR= 1.53e-15 MAX ERR= 1.58e-15 TIME ERR= 1.312e-5 MEM=376
 +00:00:00| Step 30 Time= 0.002951 Dt= 1.695e-4 Nodes=9 Cells=2 RMS ERR= 3.20e-15 MAX ERR= 3.33e-15 TIME ERR= 1.312e-5 MEM=377
 +00:00:00| Step 31 Time= 0.003121 Dt= 1.695e-4 Nodes=9 Cells=2 RMS ERR= 1.20e-15 MAX ERR= 1.26e-15 TIME ERR= 1.312e-5 MEM=377
 +00:00:00| Step 32 Time= 0.003290 Dt= 1.695e-4 Nodes=9 Cells=2 RMS ERR= 2.49e-15 MAX ERR= 2.60e-15 TIME ERR= 1.312e-5 MEM=377
 +00:00:00| Step 33 Time= 0.003460 Dt= 1.695e-4 Nodes=9 Cells=2 RMS ERR= 1.36e-15 MAX ERR= 1.36e-15 TIME ERR= 1.313e-5 MEM=377
 +00:00:00| Step 34 Time= 0.003629 Dt= 1.695e-4 Nodes=9 Cells=2 RMS ERR= 1.11e-15 MAX ERR= 1.16e-15 TIME ERR= 1.313e-5 MEM=377
 +00:00:00| Step 35 Time= 0.003798 Dt= 1.695e-4 Nodes=9 Cells=2 RMS ERR= 1.12e-15 MAX ERR= 1.12e-15 TIME ERR= 1.313e-5 MEM=377
 +00:00:00| Step 36 Time= 0.003968 Dt= 1.695e-4 Nodes=9 Cells=2 RMS ERR= 1.08e-15 MAX ERR= 1.08e-15 TIME ERR= 1.313e-5 MEM=377
 +00:00:00| Step 37 Time= 0.004137 Dt= 1.695e-4 Nodes=9 Cells=2 RMS ERR= 1.55e-15 MAX ERR= 1.62e-15 TIME ERR= 1.314e-5 MEM=377
 +00:00:00| Step 38 Time= 0.004307 Dt= 1.695e-4 Nodes=9 Cells=2 RMS ERR= 1.92e-15 MAX ERR= 2.00e-15 TIME ERR= 1.314e-5 MEM=377
 +00:00:00| Step 39 Time= 0.004476 Dt= 1.695e-4 Nodes=9 Cells=2 RMS ERR= 3.01e-15 MAX ERR= 3.15e-15 TIME ERR= 1.314e-5 MEM=377
 +00:00:00| Step 40 Time= 0.004646 Dt= 1.695e-4 Nodes=9 Cells=2 RMS ERR= 2.55e-15 MAX ERR= 2.67e-15 TIME ERR= 1.314e-5 MEM=377
 +00:00:00| Step 41 Time= 0.004815 Dt= 1.695e-4 Nodes=9 Cells=2 RMS ERR= 0.000000 MAX ERR= 0.000000 TIME ERR= 1.315e-5 MEM=377
 +00:00:00| Step 42 Time= 0.004985 Dt= 1.695e-4 Nodes=9 Cells=2 RMS ERR= 1.46e-15 MAX ERR= 1.52e-15 TIME ERR= 1.315e-5 MEM=377
 +00:00:00| Step 43 Time= 0.005154 Dt= 1.695e-4 Nodes=9 Cells=2 RMS ERR= 1.44e-15 MAX ERR= 1.51e-15 TIME ERR= 1.315e-5 MEM=377
 +00:00:00| Step 44 Time= 0.005324 Dt= 1.695e-4 Nodes=9 Cells=2 RMS ERR= 7.95e-16 MAX ERR= 8.31e-16 TIME ERR= 1.315e-5 MEM=377
 +00:00:00| Step 45 Time= 0.005493 Dt= 1.695e-4 Nodes=9 Cells=2 RMS ERR= 2.02e-15 MAX ERR= 2.02e-15 TIME ERR= 1.316e-5 MEM=378
 +00:00:00| Step 46 Time= 0.005662 Dt= 1.695e-4 Nodes=9 Cells=2 RMS ERR= 1.40e-15 MAX ERR= 1.47e-15 TIME ERR= 1.316e-5 MEM=378
 +00:00:00| Step 47 Time= 0.005832 Dt= 1.695e-4 Nodes=9 Cells=2 RMS ERR= 1.39e-15 MAX ERR= 1.46e-15 TIME ERR= 1.316e-5 MEM=379
 +00:00:00| Step 48 Time= 0.006001 Dt= 1.695e-4 Nodes=9 Cells=2 RMS ERR= 3.18e-15 MAX ERR= 3.32e-15 TIME ERR= 1.316e-5 MEM=379
 +00:00:00| Step 49 Time= 0.006171 Dt= 1.695e-4 Nodes=9 Cells=2 RMS ERR= 2.49e-15 MAX ERR= 2.60e-15 TIME ERR= 1.317e-5 MEM=379
 +00:00:00| Step 50 Time= 0.006340 Dt= 1.695e-4 Nodes=9 Cells=2 RMS ERR= 2.49e-15 MAX ERR= 2.60e-15 TIME ERR= 1.317e-5 MEM=379
 +00:00:00| Step 51 Time= 0.006510 Dt= 1.695e-4 Nodes=9 Cells=2 RMS ERR= 1.36e-15 MAX ERR= 1.42e-15 TIME ERR= 1.317e-5 MEM=379
 +00:00:00| Step 52 Time= 0.006679 Dt= 1.695e-4 Nodes=9 Cells=2 RMS ERR= 2.70e-15 MAX ERR= 2.82e-15 TIME ERR= 1.317e-5 MEM=379
 +00:00:00| Step 53 Time= 0.006849 Dt= 1.695e-4 Nodes=9 Cells=2 RMS ERR= 2.77e-15 MAX ERR= 2.89e-15 TIME ERR= 1.318e-5 MEM=379
 +00:00:00| Step 54 Time= 0.007018 Dt= 1.695e-4 Nodes=9 Cells=2 RMS ERR= 1.34e-15 MAX ERR= 1.40e-15 TIME ERR= 1.318e-5 MEM=379
 +00:00:00| Step 55 Time= 0.007188 Dt= 1.695e-4 Nodes=9 Cells=2 RMS ERR= 6.32e-16 MAX ERR= 6.32e-16 TIME ERR= 1.318e-5 MEM=379
 +00:00:00| Step 56 Time= 0.007357 Dt= 1.695e-4 Nodes=9 Cells=2 RMS ERR= 3.54e-15 MAX ERR= 3.69e-15 TIME ERR= 1.281e-5 MEM=379
 +00:00:00| Step 57 Time= 0.007527 Dt= 1.695e-4 Nodes=9 Cells=2 RMS ERR= 2.80e-15 MAX ERR= 2.92e-15 TIME ERR= 1.228e-5 MEM=379
 +00:00:00| Step 58 Time= 0.007696 Dt= 1.695e-4 Nodes=9 Cells=2 RMS ERR= 5.93e-16 MAX ERR= 5.93e-16 TIME ERR= 1.178e-5 MEM=379
 +00:00:00| Step 59 Time= 0.007865 Dt= 1.695e-4 Nodes=9 Cells=2 RMS ERR= 1.11e-15 MAX ERR= 1.16e-15 TIME ERR= 1.131e-5 MEM=379
 +00:00:00| Step 60 Time= 0.008035 Dt= 1.695e-4 Nodes=9 Cells=2 RMS ERR= 5.70e-16 MAX ERR= 5.70e-16 TIME ERR= 1.087e-5 MEM=379
 +00:00:00| Step 61 Time= 0.008204 Dt= 1.695e-4 Nodes=9 Cells=2 RMS ERR= 5.35e-16 MAX ERR= 5.59e-16 TIME ERR= 1.046e-5 MEM=379
 +00:00:00| Step 62 Time= 0.008374 Dt= 1.695e-4 Nodes=9 Cells=2 RMS ERR= 1.90e-15 MAX ERR= 1.98e-15 TIME ERR= 1.007e-5 MEM=379
 +00:00:00| Step 63 Time= 0.008543 Dt= 1.695e-4 Nodes=9 Cells=2 RMS ERR= 1.55e-15 MAX ERR= 1.61e-15 TIME ERR= 9.698e-6 MEM=379
 +00:00:00| Step 64 Time= 0.008733 Dt= 1.901e-4 Nodes=9 Cells=2 RMS ERR= 3.87e-15 MAX ERR= 4.04e-15 TIME ERR= 1.265e-5 MEM=380
 +00:00:00| Step 65 Time= 0.008924 Dt= 1.901e-4 Nodes=9 Cells=2 RMS ERR= 5.80e-16 MAX ERR= 5.80e-16 TIME ERR= 1.203e-5 MEM=380
 +00:00:00| Step 66 Time= 0.009114 Dt= 1.901e-4 Nodes=9 Cells=2 RMS ERR= 1.76e-15 MAX ERR= 1.83e-15 TIME ERR= 1.195e-5 MEM=380
 +00:00:00| Step 67 Time= 0.009304 Dt= 1.901e-4 Nodes=9 Cells=2 RMS ERR= 1.69e-15 MAX ERR= 1.76e-15 TIME ERR= 1.162e-5 MEM=380
 +00:00:00| Step 68 Time= 0.009494 Dt= 1.901e-4 Nodes=9 Cells=2 RMS ERR= 1.05e-15 MAX ERR= 1.09e-15 TIME ERR= 1.122e-5 MEM=380
 +00:00:00| Step 69 Time= 0.009684 Dt= 1.901e-4 Nodes=9 Cells=2 RMS ERR= 1.64e-15 MAX ERR= 1.71e-15 TIME ERR= 1.083e-5 MEM=380
 +00:00:00| Step 70 Time= 0.009897 Dt= 2.133e-4 Nodes=9 Cells=2 RMS ERR= 1.11e-15 MAX ERR= 1.16e-15 TIME ERR= 1.413e-5 MEM=380
 +00:00:00| Step 71 Time= 0.010111 Dt= 2.133e-4 Nodes=9 Cells=2 RMS ERR= 4.86e-15 MAX ERR= 5.07e-15 TIME ERR= 1.344e-5 MEM=380
 +00:00:00| Step 72 Time= 0.010324 Dt= 2.133e-4 Nodes=9 Cells=2 RMS ERR= 1.56e-15 MAX ERR= 1.63e-15 TIME ERR= 1.335e-5 MEM=380
 +00:00:00| Step 73 Time= 0.010537 Dt= 2.133e-4 Nodes=9 Cells=2 RMS ERR= 5.32e-16 MAX ERR= 5.56e-16 TIME ERR= 1.298e-5 MEM=380
 +00:00:00| Step 74 Time= 0.010751 Dt= 2.133e-4 Nodes=9 Cells=2 RMS ERR= 2.92e-15 MAX ERR= 3.05e-15 TIME ERR= 1.255e-5 MEM=380
 +00:00:00| Step 75 Time= 0.010990 Dt= 2.394e-4 Nodes=9 Cells=2 RMS ERR= 3.22e-15 MAX ERR= 3.36e-15 TIME ERR= 1.638e-5 MEM=380
 +00:00:00| Step 76 Time= 0.011229 Dt= 2.394e-4 Nodes=9 Cells=2 RMS ERR= 3.02e-15 MAX ERR= 3.15e-15 TIME ERR= 1.557e-5 MEM=380
 +00:00:00| Step 77 Time= 0.011469 Dt= 2.394e-4 Nodes=9 Cells=2 RMS ERR= 3.05e-15 MAX ERR= 3.17e-15 TIME ERR= 1.546e-5 MEM=380
 +00:00:00| Step 78 Time= 0.011708 Dt= 2.394e-4 Nodes=9 Cells=2 RMS ERR= 2.10e-15 MAX ERR= 2.19e-15 TIME ERR= 1.503e-5 MEM=380
 +00:00:00| Step 79 Time= 0.011948 Dt= 2.394e-4 Nodes=9 Cells=2 RMS ERR= 2.68e-15 MAX ERR= 2.80e-15 TIME ERR= 1.451e-5 MEM=380
 +00:00:00| Step 80 Time= 0.012187 Dt= 2.394e-4 Nodes=9 Cells=2 RMS ERR= 1.99e-15 MAX ERR= 2.08e-15 TIME ERR= 1.399e-5 MEM=380
 +00:00:00| Step 81 Time= 0.012455 Dt= 2.686e-4 Nodes=9 Cells=2 RMS ERR= 2.89e-15 MAX ERR= 3.01e-15 TIME ERR= 1.826e-5 MEM=380
 +00:00:00| Step 82 Time= 0.012724 Dt= 2.686e-4 Nodes=9 Cells=2 RMS ERR= 1.75e-15 MAX ERR= 1.75e-15 TIME ERR= 1.736e-5 MEM=380
 +00:00:00| Step 83 Time= 0.012993 Dt= 2.686e-4 Nodes=9 Cells=2 RMS ERR= 2.87e-15 MAX ERR= 2.87e-15 TIME ERR= 1.724e-5 MEM=380
 +00:00:00| Step 84 Time= 0.013261 Dt= 2.686e-4 Nodes=9 Cells=2 RMS ERR= 3.99e-15 MAX ERR= 4.17e-15 TIME ERR= 1.675e-5 MEM=380
 +00:00:00| Step 85 Time= 0.013530 Dt= 2.686e-4 Nodes=9 Cells=2 RMS ERR= 2.86e-15 MAX ERR= 2.99e-15 TIME ERR= 1.618e-5 MEM=380
 +00:00:00| Step 86 Time= 0.013798 Dt= 2.686e-4 Nodes=9 Cells=2 RMS ERR= 3.11e-15 MAX ERR= 3.24e-15 TIME ERR= 1.561e-5 MEM=380
 +00:00:00| Step 87 Time= 0.014100 Dt= 3.013e-4 Nodes=9 Cells=2 RMS ERR= 3.53e-15 MAX ERR= 3.68e-15 TIME ERR= 2.037e-5 MEM=380
 +00:00:00| Step 88 Time= 0.014401 Dt= 3.013e-4 Nodes=9 Cells=2 RMS ERR= 1.59e-15 MAX ERR= 1.66e-15 TIME ERR= 1.937e-5 MEM=381
 +00:00:00| Step 89 Time= 0.014702 Dt= 3.013e-4 Nodes=9 Cells=2 RMS ERR= 3.49e-15 MAX ERR= 3.64e-15 TIME ERR= 1.923e-5 MEM=382
 +00:00:00| Step 90 Time= 0.015004 Dt= 3.013e-4 Nodes=9 Cells=2 RMS ERR= 4.28e-15 MAX ERR= 4.47e-15 TIME ERR= 1.870e-5 MEM=382
 +00:00:00| Step 91 Time= 0.015305 Dt= 3.013e-4 Nodes=9 Cells=2 RMS ERR= 2.91e-15 MAX ERR= 3.04e-15 TIME ERR= 1.807e-5 MEM=382
 +00:00:00| Step 92 Time= 0.015606 Dt= 3.013e-4 Nodes=9 Cells=2 RMS ERR= 3.10e-15 MAX ERR= 3.23e-15 TIME ERR= 1.742e-5 MEM=382
 +00:00:00| Step 93 Time= 0.015944 Dt= 3.381e-4 Nodes=9 Cells=2 RMS ERR= 4.42e-15 MAX ERR= 4.57e-15 TIME ERR= 2.275e-5 MEM=382
 +00:00:00| Step 94 Time= 0.016283 Dt= 3.381e-4 Nodes=9 Cells=2 RMS ERR= 5.88e-15 MAX ERR= 6.13e-15 TIME ERR= 2.163e-5 MEM=382
 +00:00:00| Step 95 Time= 0.016621 Dt= 3.381e-4 Nodes=9 Cells=2 RMS ERR= 5.44e-15 MAX ERR= 5.67e-15 TIME ERR= 2.149e-5 MEM=382
 +00:00:00| Step 96 Time= 0.016959 Dt= 3.381e-4 Nodes=9 Cells=2 RMS ERR= 5.65e-15 MAX ERR= 5.90e-15 TIME ERR= 2.089e-5 MEM=382
 +00:00:00| Step 97 Time= 0.017297 Dt= 3.381e-4 Nodes=9 Cells=2 RMS ERR= 4.74e-15 MAX ERR= 4.92e-15 TIME ERR= 2.019e-5 MEM=382
 +00:00:00| Step 98 Time= 0.017635 Dt= 3.381e-4 Nodes=9 Cells=2 RMS ERR= 3.22e-15 MAX ERR= 3.22e-15 TIME ERR= 1.947e-5 MEM=382
 +00:00:00| Step 99 Time= 0.018014 Dt= 3.794e-4 Nodes=9 Cells=2 RMS ERR= 5.34e-15 MAX ERR= 5.52e-15 TIME ERR= 2.542e-5 MEM=382
 +00:00:00| Step 100 Time= 0.018394 Dt= 3.794e-4 Nodes=9 Cells=2 RMS ERR= 7.25e-15 MAX ERR= 7.52e-15 TIME ERR= 2.418e-5 MEM=382
 +00:00:00| Step 101 Time= 0.018773 Dt= 3.794e-4 Nodes=9 Cells=2 RMS ERR= 8.82e-15 MAX ERR= 9.21e-15 TIME ERR= 2.402e-5 MEM=382
 +00:00:00| Step 102 Time= 0.019152 Dt= 3.794e-4 Nodes=9 Cells=2 RMS ERR= 7.46e-15 MAX ERR= 7.78e-15 TIME ERR= 2.336e-5 MEM=382
 +00:00:00| Step 103 Time= 0.019532 Dt= 3.794e-4 Nodes=9 Cells=2 RMS ERR= 7.18e-15 MAX ERR= 7.25e-15 TIME ERR= 2.258e-5 MEM=382
 +00:00:00| Step 104 Time= 0.019911 Dt= 3.794e-4 Nodes=9 Cells=2 RMS ERR= 6.85e-15 MAX ERR= 7.14e-15 TIME ERR= 2.178e-5 MEM=382
 +00:00:00| Step 105 Time= 0.020337 Dt= 4.257e-4 Nodes=9 Cells=2 RMS ERR= 9.59e-15 MAX ERR= 9.81e-15 TIME ERR= 2.844e-5 MEM=382
 +00:00:00| Step 106 Time= 0.020763 Dt= 4.257e-4 Nodes=9 Cells=2 RMS ERR= 1.12e-14 MAX ERR= 1.15e-14 TIME ERR= 2.706e-5 MEM=382
 +00:00:00| Step 107 Time= 0.021188 Dt= 4.257e-4 Nodes=9 Cells=2 RMS ERR= 9.61e-15 MAX ERR= 9.61e-15 TIME ERR= 2.688e-5 MEM=382
 +00:00:00| Step 108 Time= 0.021614 Dt= 4.257e-4 Nodes=9 Cells=2 RMS ERR= 1.02e-14 MAX ERR= 1.05e-14 TIME ERR= 2.615e-5 MEM=382
 +00:00:00| Step 109 Time= 0.022040 Dt= 4.257e-4 Nodes=9 Cells=2 RMS ERR= 9.88e-15 MAX ERR= 1.02e-14 TIME ERR= 2.527e-5 MEM=382
 +00:00:00| Step 110 Time= 0.022465 Dt= 4.257e-4 Nodes=9 Cells=2 RMS ERR= 9.86e-15 MAX ERR= 1.02e-14 TIME ERR= 2.438e-5 MEM=382
 +00:00:00| Step 111 Time= 0.022943 Dt= 4.776e-4 Nodes=9 Cells=2 RMS ERR= 1.46e-14 MAX ERR= 1.50e-14 TIME ERR= 3.185e-5 MEM=382
 +00:00:00| Step 112 Time= 0.023420 Dt= 4.776e-4 Nodes=9 Cells=2 RMS ERR= 1.64e-14 MAX ERR= 1.67e-14 TIME ERR= 3.030e-5 MEM=382
 +00:00:00| Step 113 Time= 0.023898 Dt= 4.776e-4 Nodes=9 Cells=2 RMS ERR= 1.64e-14 MAX ERR= 1.64e-14 TIME ERR= 3.011e-5 MEM=382
 +00:00:00| Step 114 Time= 0.024376 Dt= 4.776e-4 Nodes=9 Cells=2 RMS ERR= 1.72e-14 MAX ERR= 1.77e-14 TIME ERR= 2.929e-5 MEM=382
 +00:00:00| Step 115 Time= 0.024853 Dt= 4.776e-4 Nodes=9 Cells=2 RMS ERR= 1.68e-14 MAX ERR= 1.68e-14 TIME ERR= 2.831e-5 MEM=382
 +00:00:00| Step 116 Time= 0.025389 Dt= 5.359e-4 Nodes=9 Cells=2 RMS ERR= 2.47e-14 MAX ERR= 2.51e-14 TIME ERR= 3.698e-5 MEM=382
 +00:00:00| Step 117 Time= 0.025925 Dt= 5.359e-4 Nodes=9 Cells=2 RMS ERR= 2.66e-14 MAX ERR= 2.68e-14 TIME ERR= 3.517e-5 MEM=382
 +00:00:00| Step 118 Time= 0.026461 Dt= 5.359e-4 Nodes=9 Cells=2 RMS ERR= 2.83e-14 MAX ERR= 2.86e-14 TIME ERR= 3.493e-5 MEM=384
 +00:00:00| Step 119 Time= 0.026997 Dt= 5.359e-4 Nodes=9 Cells=2 RMS ERR= 2.70e-14 MAX ERR= 2.75e-14 TIME ERR= 3.396e-5 MEM=384
 +00:00:00| Step 120 Time= 0.027532 Dt= 5.359e-4 Nodes=9 Cells=2 RMS ERR= 2.69e-14 MAX ERR= 2.75e-14 TIME ERR= 3.281e-5 MEM=385
 +00:00:00| Step 121 Time= 0.028068 Dt= 5.359e-4 Nodes=9 Cells=2 RMS ERR= 2.62e-14 MAX ERR= 2.64e-14 TIME ERR= 3.165e-5 MEM=385
 +00:00:00| Step 122 Time= 0.028670 Dt= 6.013e-4 Nodes=9 Cells=2 RMS ERR= 3.93e-14 MAX ERR= 3.95e-14 TIME ERR= 4.132e-5 MEM=385
 +00:00:00| Step 123 Time= 0.029271 Dt= 6.013e-4 Nodes=9 Cells=2 RMS ERR= 4.07e-14 MAX ERR= 4.07e-14 TIME ERR= 3.929e-5 MEM=385
 +00:00:00| Step 124 Time= 0.029872 Dt= 6.013e-4 Nodes=9 Cells=2 RMS ERR= 4.41e-14 MAX ERR= 4.44e-14 TIME ERR= 3.903e-5 MEM=385
 +00:00:00| Step 125 Time= 0.030473 Dt= 6.013e-4 Nodes=9 Cells=2 RMS ERR= 4.35e-14 MAX ERR= 4.35e-14 TIME ERR= 3.796e-5 MEM=385
 +00:00:00| Step 126 Time= 0.031075 Dt= 6.013e-4 Nodes=9 Cells=2 RMS ERR= 4.28e-14 MAX ERR= 4.33e-14 TIME ERR= 3.668e-5 MEM=385
 +00:00:00| Step 127 Time= 0.031676 Dt= 6.013e-4 Nodes=9 Cells=2 RMS ERR= 4.16e-14 MAX ERR= 4.19e-14 TIME ERR= 3.538e-5 MEM=385
 +00:00:00| Step 128 Time= 0.032351 Dt= 6.746e-4 Nodes=9 Cells=2 RMS ERR= 6.23e-14 MAX ERR= 6.26e-14 TIME ERR= 4.620e-5 MEM=385
 +00:00:00| Step 129 Time= 0.033025 Dt= 6.746e-4 Nodes=9 Cells=2 RMS ERR= 6.65e-14 MAX ERR= 6.65e-14 TIME ERR= 4.394e-5 MEM=385
 +00:00:00| Step 130 Time= 0.033700 Dt= 6.746e-4 Nodes=9 Cells=2 RMS ERR= 6.97e-14 MAX ERR= 6.97e-14 TIME ERR= 4.366e-5 MEM=385
 +00:00:00| Step 131 Time= 0.034374 Dt= 6.746e-4 Nodes=9 Cells=2 RMS ERR= 6.84e-14 MAX ERR= 6.84e-14 TIME ERR= 4.247e-5 MEM=385
 +00:00:00| Step 132 Time= 0.035049 Dt= 6.746e-4 Nodes=9 Cells=2 RMS ERR= 6.76e-14 MAX ERR= 6.81e-14 TIME ERR= 4.104e-5 MEM=385
 +00:00:00| Step 133 Time= 0.035724 Dt= 6.746e-4 Nodes=9 Cells=2 RMS ERR= 6.66e-14 MAX ERR= 6.69e-14 TIME ERR= 3.960e-5 MEM=385
 +00:00:00| Step 134 Time= 0.036481 Dt= 7.569e-4 Nodes=9 Cells=2 RMS ERR= 9.74e-14 MAX ERR= 9.75e-14 TIME ERR= 5.172e-5 MEM=385
 +00:00:00| Step 135 Time= 0.037237 Dt= 7.569e-4 Nodes=9 Cells=2 RMS ERR= 1.06e-13 MAX ERR= 1.06e-13 TIME ERR= 4.920e-5 MEM=385
 +00:00:00| Step 136 Time= 0.037994 Dt= 7.569e-4 Nodes=9 Cells=2 RMS ERR= 1.11e-13 MAX ERR= 1.12e-13 TIME ERR= 4.890e-5 MEM=385
 +00:00:00| Step 137 Time= 0.038751 Dt= 7.569e-4 Nodes=9 Cells=2 RMS ERR= 1.10e-13 MAX ERR= 1.10e-13 TIME ERR= 4.757e-5 MEM=385
 +00:00:00| Step 138 Time= 0.039508 Dt= 7.569e-4 Nodes=9 Cells=2 RMS ERR= 1.07e-13 MAX ERR= 1.08e-13 TIME ERR= 4.598e-5 MEM=385
 +00:00:00| Step 139 Time= 0.040265 Dt= 7.569e-4 Nodes=9 Cells=2 RMS ERR= 1.07e-13 MAX ERR= 1.07e-13 TIME ERR= 4.437e-5 MEM=385
 +00:00:00| Step 140 Time= 0.041115 Dt= 8.493e-4 Nodes=9 Cells=2 RMS ERR= 1.56e-13 MAX ERR= 1.57e-13 TIME ERR= 5.796e-5 MEM=385
 +00:00:00| Step 141 Time= 0.041964 Dt= 8.493e-4 Nodes=9 Cells=2 RMS ERR= 1.68e-13 MAX ERR= 1.68e-13 TIME ERR= 5.515e-5 MEM=385
 +00:00:00| Step 142 Time= 0.042813 Dt= 8.493e-4 Nodes=9 Cells=2 RMS ERR= 1.79e-13 MAX ERR= 1.79e-13 TIME ERR= 5.482e-5 MEM=385
 +00:00:00| Step 143 Time= 0.043662 Dt= 8.493e-4 Nodes=9 Cells=2 RMS ERR= 1.75e-13 MAX ERR= 1.75e-13 TIME ERR= 5.334e-5 MEM=385
 +00:00:00| Step 144 Time= 0.044512 Dt= 8.493e-4 Nodes=9 Cells=2 RMS ERR= 1.72e-13 MAX ERR= 1.72e-13 TIME ERR= 5.157e-5 MEM=385
 +00:00:00| Step 145 Time= 0.045361 Dt= 8.493e-4 Nodes=9 Cells=2 RMS ERR= 1.69e-13 MAX ERR= 1.69e-13 TIME ERR= 4.977e-5 MEM=385
 +00:00:00| Step 146 Time= 0.046314 Dt= 9.529e-4 Nodes=9 Cells=2 RMS ERR= 2.51e-13 MAX ERR= 2.51e-13 TIME ERR= 6.503e-5 MEM=385
 +00:00:00| Step 147 Time= 0.047267 Dt= 9.529e-4 Nodes=9 Cells=2 RMS ERR= 2.71e-13 MAX ERR= 2.72e-13 TIME ERR= 6.189e-5 MEM=385
 +00:00:00| Step 148 Time= 0.048220 Dt= 9.529e-4 Nodes=9 Cells=2 RMS ERR= 2.86e-13 MAX ERR= 2.87e-13 TIME ERR= 6.153e-5 MEM=385
 +00:00:00| Step 149 Time= 0.049173 Dt= 9.529e-4 Nodes=9 Cells=2 RMS ERR= 2.80e-13 MAX ERR= 2.80e-13 TIME ERR= 5.988e-5 MEM=385
 +00:00:00| Step 150 Time= 0.050126 Dt= 9.529e-4 Nodes=9 Cells=2 RMS ERR= 2.76e-13 MAX ERR= 2.77e-13 TIME ERR= 5.790e-5 MEM=385
 +00:00:00| Step 151 Time= 0.051079 Dt= 9.529e-4 Nodes=9 Cells=2 RMS ERR= 2.71e-13 MAX ERR= 2.71e-13 TIME ERR= 5.590e-5 MEM=385
 +00:00:00| Step 152 Time= 0.052148 Dt= 0.001069 Nodes=9 Cells=2 RMS ERR= 4.00e-13 MAX ERR= 4.01e-13 TIME ERR= 7.304e-5 MEM=385
 +00:00:00| Step 153 Time= 0.053217 Dt= 0.001069 Nodes=9 Cells=2 RMS ERR= 4.32e-13 MAX ERR= 4.32e-13 TIME ERR= 6.953e-5 MEM=385
 +00:00:00| Step 154 Time= 0.054286 Dt= 0.001069 Nodes=9 Cells=2 RMS ERR= 4.58e-13 MAX ERR= 4.58e-13 TIME ERR= 6.913e-5 MEM=385
 +00:00:00| Step 155 Time= 0.055355 Dt= 0.001069 Nodes=9 Cells=2 RMS ERR= 4.49e-13 MAX ERR= 4.49e-13 TIME ERR= 6.729e-5 MEM=387
 +00:00:00| Step 156 Time= 0.056425 Dt= 0.001069 Nodes=9 Cells=2 RMS ERR= 4.42e-13 MAX ERR= 4.42e-13 TIME ERR= 6.508e-5 MEM=388
 +00:00:00| Step 157 Time= 0.057494 Dt= 0.001069 Nodes=9 Cells=2 RMS ERR= 4.34e-13 MAX ERR= 4.34e-13 TIME ERR= 6.284e-5 MEM=388
 +00:00:00| Step 158 Time= 0.058693 Dt= 0.001200 Nodes=9 Cells=2 RMS ERR= 6.41e-13 MAX ERR= 6.41e-13 TIME ERR= 8.213e-5 MEM=388
 +00:00:00| Step 159 Time= 0.059893 Dt= 0.001200 Nodes=9 Cells=2 RMS ERR= 6.95e-13 MAX ERR= 6.95e-13 TIME ERR= 7.820e-5 MEM=388
 +00:00:00| Step 160 Time= 0.061093 Dt= 0.001200 Nodes=9 Cells=2 RMS ERR= 7.34e-13 MAX ERR= 7.34e-13 TIME ERR= 7.776e-5 MEM=388
 +00:00:00| Step 161 Time= 0.062292 Dt= 0.001200 Nodes=9 Cells=2 RMS ERR= 7.21e-13 MAX ERR= 7.22e-13 TIME ERR= 7.571e-5 MEM=388
 +00:00:00| Step 162 Time= 0.063492 Dt= 0.001200 Nodes=9 Cells=2 RMS ERR= 7.09e-13 MAX ERR= 7.09e-13 TIME ERR= 7.323e-5 MEM=388
 +00:00:00| Step 163 Time= 0.064692 Dt= 0.001200 Nodes=9 Cells=2 RMS ERR= 7.00e-13 MAX ERR= 7.00e-13 TIME ERR= 7.073e-5 MEM=388
 +00:00:00| Step 164 Time= 0.066038 Dt= 0.001346 Nodes=9 Cells=2 RMS ERR= 1.03e-12 MAX ERR= 1.03e-12 TIME ERR= 9.246e-5 MEM=388
 +00:00:00| Step 165 Time= 0.067384 Dt= 0.001346 Nodes=9 Cells=2 RMS ERR= 1.11e-12 MAX ERR= 1.11e-12 TIME ERR= 8.805e-5 MEM=388
 +00:00:00| Step 166 Time= 0.068730 Dt= 0.001346 Nodes=9 Cells=2 RMS ERR= 1.18e-12 MAX ERR= 1.18e-12 TIME ERR= 8.758e-5 MEM=388
 +00:00:00| Step 167 Time= 0.070076 Dt= 0.001346 Nodes=9 Cells=2 RMS ERR= 1.16e-12 MAX ERR= 1.16e-12 TIME ERR= 8.527e-5 MEM=388
 +00:00:00| Step 168 Time= 0.071422 Dt= 0.001346 Nodes=9 Cells=2 RMS ERR= 1.14e-12 MAX ERR= 1.14e-12 TIME ERR= 8.251e-5 MEM=388
 +00:00:00| Step 169 Time= 0.072768 Dt= 0.001346 Nodes=9 Cells=2 RMS ERR= 1.13e-12 MAX ERR= 1.13e-12 TIME ERR= 7.970e-5 MEM=388
 +00:00:00| Step 170 Time= 0.074278 Dt= 0.001510 Nodes=9 Cells=2 RMS ERR= 1.66e-12 MAX ERR= 1.66e-12 TIME ERR= 1.042e-4 MEM=388
 +00:00:00| Step 171 Time= 0.075789 Dt= 0.001510 Nodes=9 Cells=2 RMS ERR= 1.80e-12 MAX ERR= 1.80e-12 TIME ERR= 9.925e-5 MEM=388
 +00:00:00| Step 172 Time= 0.077299 Dt= 0.001510 Nodes=9 Cells=2 RMS ERR= 1.90e-12 MAX ERR= 1.90e-12 TIME ERR= 9.875e-5 MEM=388
 +00:00:00| Step 173 Time= 0.078809 Dt= 0.001510 Nodes=9 Cells=2 RMS ERR= 1.87e-12 MAX ERR= 1.87e-12 TIME ERR= 9.617e-5 MEM=388
 +00:00:00| Step 174 Time= 0.080319 Dt= 0.001510 Nodes=9 Cells=2 RMS ERR= 1.84e-12 MAX ERR= 1.84e-12 TIME ERR= 9.307e-5 MEM=388
 +00:00:00| Step 175 Time= 0.081830 Dt= 0.001510 Nodes=9 Cells=2 RMS ERR= 1.82e-12 MAX ERR= 1.82e-12 TIME ERR= 8.992e-5 MEM=388
 +00:00:00| Step 176 Time= 0.083524 Dt= 0.001695 Nodes=9 Cells=2 RMS ERR= 2.68e-12 MAX ERR= 2.68e-12 TIME ERR= 1.176e-4 MEM=388
 +00:00:00| Step 177 Time= 0.085333 Dt= 0.001809 Nodes=9 Cells=2 RMS ERR= 3.65e-12 MAX ERR= 3.65e-12 TIME ERR= 1.332e-4 MEM=388
 +00:00:00| Step 178 Time= 0.087028 Dt= 0.001695 Nodes=9 Cells=2 RMS ERR= 3.24e-12 MAX ERR= 3.24e-12 TIME ERR= 1.105e-4 MEM=390
 +00:00:00| Step 179 Time= 0.088722 Dt= 0.001695 Nodes=9 Cells=2 RMS ERR= 3.16e-12 MAX ERR= 3.16e-12 TIME ERR= 1.105e-4 MEM=390
 +00:00:00| Step 180 Time= 0.090417 Dt= 0.001695 Nodes=9 Cells=2 RMS ERR= 2.98e-12 MAX ERR= 2.98e-12 TIME ERR= 1.056e-4 MEM=390
 +00:00:00| Step 181 Time= 0.092112 Dt= 0.001695 Nodes=9 Cells=2 RMS ERR= 2.93e-12 MAX ERR= 2.93e-12 TIME ERR= 1.016e-4 MEM=390
 +00:00:00| Step 182 Time= 0.094013 Dt= 0.001901 Nodes=9 Cells=2 RMS ERR= 4.33e-12 MAX ERR= 4.33e-12 TIME ERR= 1.327e-4 MEM=390
 +00:00:00| Step 183 Time= 0.095914 Dt= 0.001901 Nodes=9 Cells=2 RMS ERR= 4.69e-12 MAX ERR= 4.69e-12 TIME ERR= 1.264e-4 MEM=390
 +00:00:00| Step 184 Time= 0.097816 Dt= 0.001901 Nodes=9 Cells=2 RMS ERR= 4.97e-12 MAX ERR= 4.97e-12 TIME ERR= 1.258e-4 MEM=390
 +00:00:00| Step 185 Time= 0.099717 Dt= 0.001901 Nodes=9 Cells=2 RMS ERR= 4.90e-12 MAX ERR= 4.90e-12 TIME ERR= 1.225e-4 MEM=390
 +00:00:00| Step 186 Time= 0.101618 Dt= 0.001901 Nodes=9 Cells=2 RMS ERR= 4.83e-12 MAX ERR= 4.83e-12 TIME ERR= 1.186e-4 MEM=390
 +00:00:00| Step 187 Time= 0.103520 Dt= 0.001901 Nodes=9 Cells=2 RMS ERR= 4.76e-12 MAX ERR= 4.76e-12 TIME ERR= 1.147e-4 MEM=390
 +00:00:00| Step 188 Time= 0.105653 Dt= 0.002133 Nodes=9 Cells=2 RMS ERR= 7.03e-12 MAX ERR= 7.03e-12 TIME ERR= 1.501e-4 MEM=390
 +00:00:00| Step 189 Time= 0.107786 Dt= 0.002133 Nodes=9 Cells=2 RMS ERR= 7.62e-12 MAX ERR= 7.62e-12 TIME ERR= 1.431e-4 MEM=390
 +00:00:00| Step 190 Time= 0.109920 Dt= 0.002133 Nodes=9 Cells=2 RMS ERR= 8.08e-12 MAX ERR= 8.08e-12 TIME ERR= 1.424e-4 MEM=390
 +00:00:00| Step 191 Time= 0.112053 Dt= 0.002133 Nodes=9 Cells=2 RMS ERR= 7.97e-12 MAX ERR= 7.97e-12 TIME ERR= 1.388e-4 MEM=390
 +00:00:00| Step 192 Time= 0.114186 Dt= 0.002133 Nodes=9 Cells=2 RMS ERR= 7.85e-12 MAX ERR= 7.86e-12 TIME ERR= 1.344e-4 MEM=390
 +00:00:00| Step 193 Time= 0.116320 Dt= 0.002133 Nodes=9 Cells=2 RMS ERR= 7.75e-12 MAX ERR= 7.75e-12 TIME ERR= 1.300e-4 MEM=390
 +00:00:00| Step 194 Time= 0.118713 Dt= 0.002394 Nodes=9 Cells=2 RMS ERR= 1.15e-11 MAX ERR= 1.15e-11 TIME ERR= 1.702e-4 MEM=390
 +00:00:00| Step 195 Time= 0.121107 Dt= 0.002394 Nodes=9 Cells=2 RMS ERR= 1.24e-11 MAX ERR= 1.24e-11 TIME ERR= 1.622e-4 MEM=390
 +00:00:00| Step 196 Time= 0.123501 Dt= 0.002394 Nodes=9 Cells=2 RMS ERR= 1.32e-11 MAX ERR= 1.32e-11 TIME ERR= 1.616e-4 MEM=390
 +00:00:00| Step 197 Time= 0.125894 Dt= 0.002394 Nodes=9 Cells=2 RMS ERR= 1.30e-11 MAX ERR= 1.30e-11 TIME ERR= 1.575e-4 MEM=390
 +00:00:00| Step 198 Time= 0.128288 Dt= 0.002394 Nodes=9 Cells=2 RMS ERR= 1.28e-11 MAX ERR= 1.28e-11 TIME ERR= 1.526e-4 MEM=390
 +00:00:00| Step 199 Time= 0.130681 Dt= 0.002394 Nodes=9 Cells=2 RMS ERR= 1.27e-11 MAX ERR= 1.27e-11 TIME ERR= 1.476e-4 MEM=390
 +00:00:00| Step 200 Time= 0.133367 Dt= 0.002686 Nodes=9 Cells=2 RMS ERR= 1.87e-11 MAX ERR= 1.87e-11 TIME ERR= 1.932e-4 MEM=390
 +00:00:00| Step 201 Time= 0.136053 Dt= 0.002686 Nodes=9 Cells=2 RMS ERR= 2.03e-11 MAX ERR= 2.03e-11 TIME ERR= 1.843e-4 MEM=392
 +00:00:00| Step 202 Time= 0.138739 Dt= 0.002686 Nodes=9 Cells=2 RMS ERR= 2.16e-11 MAX ERR= 2.16e-11 TIME ERR= 1.836e-4 MEM=393
 +00:00:00| Step 203 Time= 0.141424 Dt= 0.002686 Nodes=9 Cells=2 RMS ERR= 2.13e-11 MAX ERR= 2.13e-11 TIME ERR= 1.791e-4 MEM=394
 +00:00:00| Step 204 Time= 0.144110 Dt= 0.002686 Nodes=9 Cells=2 RMS ERR= 2.10e-11 MAX ERR= 2.10e-11 TIME ERR= 1.735e-4 MEM=394
 +00:00:00| Step 205 Time= 0.146796 Dt= 0.002686 Nodes=9 Cells=2 RMS ERR= 2.08e-11 MAX ERR= 2.08e-11 TIME ERR= 1.679e-4 MEM=394
 +00:00:00| Step 206 Time= 0.149809 Dt= 0.003013 Nodes=9 Cells=2 RMS ERR= 3.08e-11 MAX ERR= 3.08e-11 TIME ERR= 2.199e-4 MEM=394
 +00:00:00| Step 207 Time= 0.152823 Dt= 0.003013 Nodes=9 Cells=2 RMS ERR= 3.34e-11 MAX ERR= 3.34e-11 TIME ERR= 2.098e-4 MEM=394
 +00:00:00| Step 208 Time= 0.155836 Dt= 0.003013 Nodes=9 Cells=2 RMS ERR= 3.55e-11 MAX ERR= 3.55e-11 TIME ERR= 2.091e-4 MEM=394
 +00:00:00| Step 209 Time= 0.158849 Dt= 0.003013 Nodes=9 Cells=2 RMS ERR= 3.51e-11 MAX ERR= 3.51e-11 TIME ERR= 2.040e-4 MEM=394
 +00:00:00| Step 210 Time= 0.161863 Dt= 0.003013 Nodes=9 Cells=2 RMS ERR= 3.47e-11 MAX ERR= 3.47e-11 TIME ERR= 1.978e-4 MEM=394
 +00:00:00| Step 211 Time= 0.164876 Dt= 0.003013 Nodes=9 Cells=2 RMS ERR= 3.43e-11 MAX ERR= 3.43e-11 TIME ERR= 1.914e-4 MEM=394
 +00:00:00| Step 212 Time= 0.167890 Dt= 0.003013 Nodes=9 Cells=2 RMS ERR= 3.39e-11 MAX ERR= 3.39e-11 TIME ERR= 1.852e-4 MEM=394
 +00:00:00| Step 213 Time= 0.170667 Dt= 0.002777 Nodes=9 Cells=2 RMS ERR= 2.53e-11 MAX ERR= 2.53e-11 TIME ERR= 1.446e-4 MEM=394
 +00:00:00| Step 214 Time= 0.174048 Dt= 0.003381 Nodes=9 Cells=2 RMS ERR= 4.67e-11 MAX ERR= 4.67e-11 TIME ERR= 2.377e-4 MEM=394
 +00:00:00| Step 215 Time= 0.177429 Dt= 0.003381 Nodes=9 Cells=2 RMS ERR= 5.15e-11 MAX ERR= 5.15e-11 TIME ERR= 2.206e-4 MEM=394
 +00:00:00| Step 216 Time= 0.180810 Dt= 0.003381 Nodes=9 Cells=2 RMS ERR= 5.76e-11 MAX ERR= 5.76e-11 TIME ERR= 2.234e-4 MEM=394
 +00:00:00| Step 217 Time= 0.184191 Dt= 0.003381 Nodes=9 Cells=2 RMS ERR= 5.70e-11 MAX ERR= 5.70e-11 TIME ERR= 2.193e-4 MEM=394
 +00:00:00| Step 218 Time= 0.187572 Dt= 0.003381 Nodes=9 Cells=2 RMS ERR= 5.64e-11 MAX ERR= 5.64e-11 TIME ERR= 2.133e-4 MEM=394
 +00:00:00| Step 219 Time= 0.191366 Dt= 0.003794 Nodes=9 Cells=2 RMS ERR= 8.37e-11 MAX ERR= 8.37e-11 TIME ERR= 2.801e-4 MEM=394
 +00:00:00| Step 220 Time= 0.195160 Dt= 0.003794 Nodes=9 Cells=2 RMS ERR= 9.11e-11 MAX ERR= 9.11e-11 TIME ERR= 2.677e-4 MEM=394
 +00:00:00| Step 221 Time= 0.198953 Dt= 0.003794 Nodes=9 Cells=2 RMS ERR= 9.70e-11 MAX ERR= 9.70e-11 TIME ERR= 2.672e-4 MEM=394
 +00:00:00| Step 222 Time= 0.202747 Dt= 0.003794 Nodes=9 Cells=2 RMS ERR= 9.61e-11 MAX ERR= 9.61e-11 TIME ERR= 2.610e-4 MEM=394
 +00:00:00| Step 223 Time= 0.206541 Dt= 0.003794 Nodes=9 Cells=2 RMS ERR= 9.51e-11 MAX ERR= 9.51e-11 TIME ERR= 2.534e-4 MEM=394
 +00:00:00| Step 224 Time= 0.210334 Dt= 0.003794 Nodes=9 Cells=2 RMS ERR= 9.43e-11 MAX ERR= 9.43e-11 TIME ERR= 2.456e-4 MEM=394
 +00:00:00| Step 225 Time= 0.214591 Dt= 0.004257 Nodes=9 Cells=2 RMS ERR= 1.40e-10 MAX ERR= 1.40e-10 TIME ERR= 3.222e-4 MEM=394
 +00:00:00| Step 226 Time= 0.218847 Dt= 0.004257 Nodes=9 Cells=2 RMS ERR= 1.53e-10 MAX ERR= 1.53e-10 TIME ERR= 3.080e-4 MEM=394
 +00:00:00| Step 227 Time= 0.223104 Dt= 0.004257 Nodes=9 Cells=2 RMS ERR= 1.63e-10 MAX ERR= 1.63e-10 TIME ERR= 3.075e-4 MEM=394
 +00:00:00| Step 228 Time= 0.227360 Dt= 0.004257 Nodes=9 Cells=2 RMS ERR= 1.61e-10 MAX ERR= 1.61e-10 TIME ERR= 3.006e-4 MEM=394
 +00:00:00| Step 229 Time= 0.231617 Dt= 0.004257 Nodes=9 Cells=2 RMS ERR= 1.60e-10 MAX ERR= 1.60e-10 TIME ERR= 2.919e-4 MEM=394
 +00:00:00| Step 230 Time= 0.235874 Dt= 0.004257 Nodes=9 Cells=2 RMS ERR= 1.59e-10 MAX ERR= 1.59e-10 TIME ERR= 2.830e-4 MEM=394
 +00:00:00| Step 231 Time= 0.240130 Dt= 0.004257 Nodes=9 Cells=2 RMS ERR= 1.58e-10 MAX ERR= 1.58e-10 TIME ERR= 2.744e-4 MEM=394
 +00:00:00| Step 232 Time= 0.244906 Dt= 0.004776 Nodes=9 Cells=2 RMS ERR= 2.34e-10 MAX ERR= 2.34e-10 TIME ERR= 3.605e-4 MEM=394
 +00:00:00| Step 233 Time= 0.249682 Dt= 0.004776 Nodes=9 Cells=2 RMS ERR= 2.56e-10 MAX ERR= 2.56e-10 TIME ERR= 3.450e-4 MEM=394
 +00:00:00| Step 234 Time= 0.254458 Dt= 0.004776 Nodes=9 Cells=2 RMS ERR= 2.73e-10 MAX ERR= 2.73e-10 TIME ERR= 3.448e-4 MEM=394
 +00:00:00| Step 235 Time= 0.256000 Dt= 0.001542 Nodes=9 Cells=2 RMS ERR= 6.66e-12 MAX ERR= 6.66e-12 TIME ERR= 1.637e-5 MEM=394
 +00:00:00| Step 236 Time= 0.260776 Dt= 0.004776 Nodes=9 Cells=2 RMS ERR= 1.39e-10 MAX ERR= 1.39e-10 TIME ERR= 3.937e-4 MEM=394
 +00:00:00| Step 237 Time= 0.266135 Dt= 0.005359 Nodes=9 Cells=2 RMS ERR= 2.48e-10 MAX ERR= 2.48e-10 TIME ERR= 3.536e-4 MEM=394
 +00:00:00| Step 238 Time= 0.272147 Dt= 0.006013 Nodes=9 Cells=2 RMS ERR= 6.63e-10 MAX ERR= 6.63e-10 TIME ERR= 5.394e-4 MEM=394
 +00:00:00| Step 239 Time= 0.278160 Dt= 0.006013 Nodes=9 Cells=2 RMS ERR= 7.77e-10 MAX ERR= 7.77e-10 TIME ERR= 5.539e-4 MEM=394
 +00:00:00| Step 240 Time= 0.284172 Dt= 0.006013 Nodes=9 Cells=2 RMS ERR= 8.30e-10 MAX ERR= 8.30e-10 TIME ERR= 5.630e-4 MEM=394
 +00:00:00| Step 241 Time= 0.290185 Dt= 0.006013 Nodes=9 Cells=2 RMS ERR= 8.25e-10 MAX ERR= 8.25e-10 TIME ERR= 5.526e-4 MEM=394
 +00:00:00| Step 242 Time= 0.296197 Dt= 0.006013 Nodes=9 Cells=2 RMS ERR= 8.21e-10 MAX ERR= 8.21e-10 TIME ERR= 5.367e-4 MEM=394
 +00:00:00| Step 243 Time= 0.302210 Dt= 0.006013 Nodes=9 Cells=2 RMS ERR= 8.17e-10 MAX ERR= 8.17e-10 TIME ERR= 5.199e-4 MEM=394
 +00:00:00| Step 244 Time= 0.308222 Dt= 0.006013 Nodes=9 Cells=2 RMS ERR= 8.13e-10 MAX ERR= 8.13e-10 TIME ERR= 5.033e-4 MEM=394
 +00:00:00| Step 245 Time= 0.314235 Dt= 0.006013 Nodes=9 Cells=2 RMS ERR= 8.10e-10 MAX ERR= 8.10e-10 TIME ERR= 4.875e-4 MEM=394
 +00:00:00| Step 246 Time= 0.320248 Dt= 0.006013 Nodes=9 Cells=2 RMS ERR= 8.07e-10 MAX ERR= 8.07e-10 TIME ERR= 4.725e-4 MEM=394
 +00:00:00| Step 247 Time= 0.326260 Dt= 0.006013 Nodes=9 Cells=2 RMS ERR= 8.05e-10 MAX ERR= 8.05e-10 TIME ERR= 4.583e-4 MEM=394
 +00:00:00| Step 248 Time= 0.332273 Dt= 0.006013 Nodes=9 Cells=2 RMS ERR= 8.03e-10 MAX ERR= 8.03e-10 TIME ERR= 4.448e-4 MEM=394
 +00:00:00| Step 249 Time= 0.338285 Dt= 0.006013 Nodes=9 Cells=2 RMS ERR= 8.01e-10 MAX ERR= 8.01e-10 TIME ERR= 4.320e-4 MEM=394
 +00:00:00| Step 250 Time= 0.341333 Dt= 0.003048 Nodes=9 Cells=2 RMS ERR= 8.20e-11 MAX ERR= 8.20e-11 TIME ERR= 6.911e-5 MEM=394
 +00:00:00| Step 251 Time= 0.347346 Dt= 0.006013 Nodes=9 Cells=2 RMS ERR= 5.04e-10 MAX ERR= 5.04e-10 TIME ERR= 4.543e-4 MEM=394
 +00:00:00| Step 252 Time= 0.354092 Dt= 0.006746 Nodes=9 Cells=2 RMS ERR= 8.52e-10 MAX ERR= 8.52e-10 TIME ERR= 4.688e-4 MEM=394
 +00:00:00| Step 253 Time= 0.361661 Dt= 0.007569 Nodes=9 Cells=2 RMS ERR= 1.978e-9 MAX ERR= 1.978e-9 TIME ERR= 6.823e-4 MEM=394
 +00:00:00| Step 254 Time= 0.369231 Dt= 0.007569 Nodes=9 Cells=2 RMS ERR= 2.331e-9 MAX ERR= 2.331e-9 TIME ERR= 6.950e-4 MEM=394
 +00:00:00| Step 255 Time= 0.376800 Dt= 0.007569 Nodes=9 Cells=2 RMS ERR= 2.506e-9 MAX ERR= 2.506e-9 TIME ERR= 7.070e-4 MEM=394
 +00:00:00| Step 256 Time= 0.384369 Dt= 0.007569 Nodes=9 Cells=2 RMS ERR= 2.507e-9 MAX ERR= 2.507e-9 TIME ERR= 6.962e-4 MEM=394
 +00:00:00| Step 257 Time= 0.391939 Dt= 0.007569 Nodes=9 Cells=2 RMS ERR= 2.510e-9 MAX ERR= 2.510e-9 TIME ERR= 6.788e-4 MEM=394
 +00:00:00| Step 258 Time= 0.399508 Dt= 0.007569 Nodes=9 Cells=2 RMS ERR= 2.515e-9 MAX ERR= 2.515e-9 TIME ERR= 6.602e-4 MEM=394
 +00:00:00| Step 259 Time= 0.407078 Dt= 0.007569 Nodes=9 Cells=2 RMS ERR= 2.520e-9 MAX ERR= 2.520e-9 TIME ERR= 6.419e-4 MEM=394
 +00:00:00| Step 260 Time= 0.414647 Dt= 0.007569 Nodes=9 Cells=2 RMS ERR= 2.527e-9 MAX ERR= 2.527e-9 TIME ERR= 6.243e-4 MEM=394
 +00:00:00| Step 261 Time= 0.422216 Dt= 0.007569 Nodes=9 Cells=2 RMS ERR= 2.535e-9 MAX ERR= 2.535e-9 TIME ERR= 6.075e-4 MEM=396
 +00:00:00| Step 262 Time= 0.426667 Dt= 0.004450 Nodes=9 Cells=2 RMS ERR= 4.22e-10 MAX ERR= 4.22e-10 TIME ERR= 1.447e-4 MEM=396
 +00:00:00| Step 263 Time= 0.434236 Dt= 0.007569 Nodes=9 Cells=2 RMS ERR= 1.751e-9 MAX ERR= 1.751e-9 TIME ERR= 6.254e-4 MEM=396
 +00:00:00| Step 264 Time= 0.442729 Dt= 0.008493 Nodes=9 Cells=2 RMS ERR= 2.909e-9 MAX ERR= 2.909e-9 TIME ERR= 6.799e-4 MEM=396
 +00:00:00| Step 265 Time= 0.451222 Dt= 0.008493 Nodes=9 Cells=2 RMS ERR= 4.252e-9 MAX ERR= 4.252e-9 TIME ERR= 7.152e-4 MEM=396
 +00:00:00| Step 266 Time= 0.459715 Dt= 0.008493 Nodes=9 Cells=2 RMS ERR= 4.598e-9 MAX ERR= 4.598e-9 TIME ERR= 7.364e-4 MEM=396
 +00:00:00| Step 267 Time= 0.468208 Dt= 0.008493 Nodes=9 Cells=2 RMS ERR= 4.627e-9 MAX ERR= 4.627e-9 TIME ERR= 7.301e-4 MEM=396
 +00:00:00| Step 268 Time= 0.476701 Dt= 0.008493 Nodes=9 Cells=2 RMS ERR= 4.660e-9 MAX ERR= 4.660e-9 TIME ERR= 7.159e-4 MEM=396
 +00:00:00| Step 269 Time= 0.485194 Dt= 0.008493 Nodes=9 Cells=2 RMS ERR= 4.696e-9 MAX ERR= 4.696e-9 TIME ERR= 6.997e-4 MEM=396
 +00:00:00| Step 270 Time= 0.493687 Dt= 0.008493 Nodes=9 Cells=2 RMS ERR= 4.736e-9 MAX ERR= 4.736e-9 TIME ERR= 6.835e-4 MEM=396
 +00:00:00| Step 271 Time= 0.502180 Dt= 0.008493 Nodes=9 Cells=2 RMS ERR= 4.778e-9 MAX ERR= 4.778e-9 TIME ERR= 6.678e-4 MEM=396
 +00:00:00| Step 272 Time= 0.512000 Dt= 0.009820 Nodes=9 Cells=2 RMS ERR= 8.055e-9 MAX ERR= 8.055e-9 TIME ERR= 9.577e-4 MEM=396
 +00:00:00| Step 273 Time= 0.520493 Dt= 0.008493 Nodes=9 Cells=2 RMS ERR= 5.526e-9 MAX ERR= 5.526e-9 TIME ERR= 6.267e-4 MEM=396
 +00:00:00| Step 274 Time= 0.528986 Dt= 0.008493 Nodes=9 Cells=2 RMS ERR= 5.445e-9 MAX ERR= 5.445e-9 TIME ERR= 6.513e-4 MEM=396
 +00:00:00| Step 275 Time= 0.538515 Dt= 0.009529 Nodes=9 Cells=2 RMS ERR= 7.477e-9 MAX ERR= 7.477e-9 TIME ERR= 8.388e-4 MEM=396
 +00:00:00| Step 276 Time= 0.548044 Dt= 0.009529 Nodes=9 Cells=2 RMS ERR= 8.328e-9 MAX ERR= 8.328e-9 TIME ERR= 8.036e-4 MEM=396
 +00:00:00| Step 277 Time= 0.557574 Dt= 0.009529 Nodes=9 Cells=2 RMS ERR= 9.075e-9 MAX ERR= 9.075e-9 TIME ERR= 8.095e-4 MEM=396
 +00:00:00| Step 278 Time= 0.567103 Dt= 0.009529 Nodes=9 Cells=2 RMS ERR= 9.203e-9 MAX ERR= 9.203e-9 TIME ERR= 8.000e-4 MEM=396
 +00:00:00| Step 279 Time= 0.576632 Dt= 0.009529 Nodes=9 Cells=2 RMS ERR= 9.339e-9 MAX ERR= 9.339e-9 TIME ERR= 7.862e-4 MEM=396
 +00:00:00| Step 280 Time= 0.586161 Dt= 0.009529 Nodes=9 Cells=2 RMS ERR= 9.485e-9 MAX ERR= 9.485e-9 TIME ERR= 7.716e-4 MEM=396
 +00:00:00| Step 281 Time= 0.597333 Dt= 0.011172 Nodes=9 Cells=2 RMS ERR= 1.693e-8 MAX ERR= 1.693e-8 TIME ERR= 0.001153 MEM=396
 +00:00:00| STEP FAILED. RETRY at Dt= 0.001177
 +00:00:00| Step 282 Time= 0.598510 Dt= 0.001177 Nodes=9 Cells=2 RMS ERR= 1.48e-11 MAX ERR= 1.48e-11 TIME ERR= 2.249e-6 MEM=396
 +00:00:00| Step 283 Time= 0.599687 Dt= 0.001177 Nodes=9 Cells=2 RMS ERR= 4.14e-12 MAX ERR= 4.14e-12 TIME ERR= 8.045e-6 MEM=396
 +00:00:00| STEP FAILED. RETRY at Dt= 2.863e-4
 +00:00:00| Step 284 Time= 0.599974 Dt= 2.863e-4 Nodes=9 Cells=2 RMS ERR= 2.94e-15 MAX ERR= 2.97e-15 TIME ERR= 9.514e-8 MEM=396
 +00:00:00| STEP FAILED. RETRY at Dt= 1.046e-4
 +00:00:00| STEP FAILED. RETRY at Dt= 6.221e-5
 +00:00:00| Step 285 Time= 0.600036 Dt= 6.221e-5 Nodes=9 Cells=2 RMS ERR= 1.77e-11 MAX ERR= 1.77e-11 TIME ERR= 0.004055 MEM=396
 +00:00:00| Step 286 Time= 0.600098 Dt= 6.221e-5 Nodes=9 Cells=2 RMS ERR= 1.23e-11 MAX ERR= 1.23e-11 TIME ERR= 0.002702 MEM=396
 +00:00:00| Step 287 Time= 0.600154 Dt= 5.627e-5 Nodes=9 Cells=2 RMS ERR= 1.04e-13 MAX ERR= 1.04e-13 TIME ERR= 7.120e-4 MEM=396
 +00:00:00| Step 288 Time= 0.600217 Dt= 6.314e-5 Nodes=9 Cells=2 RMS ERR= 1.62e-14 MAX ERR= 1.62e-14 TIME ERR= 3.427e-4 MEM=396
 +00:00:00| Step 289 Time= 0.600288 Dt= 7.084e-5 Nodes=9 Cells=2 RMS ERR= 2.11e-15 MAX ERR= 2.11e-15 TIME ERR= 1.330e-4 MEM=396
 +00:00:00| Step 290 Time= 0.600368 Dt= 7.949e-5 Nodes=9 Cells=2 RMS ERR= 3.57e-16 MAX ERR= 3.58e-16 TIME ERR= 5.162e-5 MEM=396
 +00:00:00| Step 291 Time= 0.600457 Dt= 8.919e-5 Nodes=9 Cells=2 RMS ERR= 6.48e-17 MAX ERR= 6.55e-17 TIME ERR= 2.003e-5 MEM=396
 +00:00:00| Step 292 Time= 0.600557 Dt= 1.001e-4 Nodes=9 Cells=2 RMS ERR= 1.73e-17 MAX ERR= 1.78e-17 TIME ERR= 7.773e-6 MEM=396
 +00:00:00| Step 293 Time= 0.600669 Dt= 1.123e-4 Nodes=9 Cells=2 RMS ERR= 1.54e-17 MAX ERR= 1.55e-17 TIME ERR= 3.016e-6 MEM=396
 +00:00:00| Step 294 Time= 0.600795 Dt= 1.260e-4 Nodes=9 Cells=2 RMS ERR= 3.32e-17 MAX ERR= 3.47e-17 TIME ERR= 1.171e-6 MEM=396
 +00:00:00| Step 295 Time= 0.600937 Dt= 1.414e-4 Nodes=9 Cells=2 RMS ERR= 1.84e-17 MAX ERR= 1.93e-17 TIME ERR= 4.542e-7 MEM=396
 +00:00:00| Step 296 Time= 0.601095 Dt= 1.586e-4 Nodes=9 Cells=2 RMS ERR= 2.88e-18 MAX ERR= 3.00e-18 TIME ERR= 1.763e-7 MEM=396
 +00:00:00| Step 297 Time= 0.601273 Dt= 1.780e-4 Nodes=9 Cells=2 RMS ERR= 2.45e-17 MAX ERR= 2.45e-17 TIME ERR= 6.840e-8 MEM=396
 +00:00:00| Step 298 Time= 0.601473 Dt= 1.997e-4 Nodes=9 Cells=2 RMS ERR= 2.60e-17 MAX ERR= 2.72e-17 TIME ERR= 2.654e-8 MEM=396
 +00:00:00| Step 299 Time= 0.601697 Dt= 2.240e-4 Nodes=9 Cells=2 RMS ERR= 6.09e-17 MAX ERR= 6.09e-17 TIME ERR= 1.029e-8 MEM=396
 +00:00:00| Step 300 Time= 0.601948 Dt= 2.514e-4 Nodes=9 Cells=2 RMS ERR= 3.30e-17 MAX ERR= 3.45e-17 TIME ERR= 3.988e-9 MEM=396
 +00:00:00| Step 301 Time= 0.602230 Dt= 2.820e-4 Nodes=9 Cells=2 RMS ERR= 3.83e-17 MAX ERR= 3.83e-17 TIME ERR= 1.538e-9 MEM=396
 +00:00:00| Step 302 Time= 0.602547 Dt= 3.165e-4 Nodes=9 Cells=2 RMS ERR= 4.33e-17 MAX ERR= 4.33e-17 TIME ERR= 5.84e-10 MEM=396
 +00:00:00| Step 303 Time= 0.602902 Dt= 3.551e-4 Nodes=9 Cells=2 RMS ERR= 4.99e-17 MAX ERR= 4.99e-17 TIME ERR= 3.06e-10 MEM=396
 +00:00:00| Step 304 Time= 0.603300 Dt= 3.984e-4 Nodes=9 Cells=2 RMS ERR= 5.41e-17 MAX ERR= 5.43e-17 TIME ERR= 4.33e-10 MEM=396
 +00:00:00| Step 305 Time= 0.603747 Dt= 4.470e-4 Nodes=9 Cells=2 RMS ERR= 1.15e-16 MAX ERR= 1.21e-16 TIME ERR= 6.11e-10 MEM=396
 +00:00:00| Step 306 Time= 0.604249 Dt= 5.015e-4 Nodes=9 Cells=2 RMS ERR= 6.47e-17 MAX ERR= 6.75e-17 TIME ERR= 8.61e-10 MEM=396
 +00:00:00| Step 307 Time= 0.604811 Dt= 5.627e-4 Nodes=9 Cells=2 RMS ERR= 2.17e-16 MAX ERR= 2.27e-16 TIME ERR= 1.214e-9 MEM=396
 +00:00:00| Step 308 Time= 0.605443 Dt= 6.314e-4 Nodes=9 Cells=2 RMS ERR= 1.62e-16 MAX ERR= 1.69e-16 TIME ERR= 1.711e-9 MEM=396
 +00:00:00| Step 309 Time= 0.606151 Dt= 7.084e-4 Nodes=9 Cells=2 RMS ERR= 9.07e-17 MAX ERR= 9.48e-17 TIME ERR= 2.410e-9 MEM=396
 +00:00:00| Step 310 Time= 0.606946 Dt= 7.949e-4 Nodes=9 Cells=2 RMS ERR= 1.07e-16 MAX ERR= 1.07e-16 TIME ERR= 3.394e-9 MEM=396
 +00:00:00| Step 311 Time= 0.607838 Dt= 8.919e-4 Nodes=9 Cells=2 RMS ERR= 1.19e-16 MAX ERR= 1.20e-16 TIME ERR= 4.778e-9 MEM=396
 +00:00:00| Step 312 Time= 0.608839 Dt= 0.001001 Nodes=9 Cells=2 RMS ERR= 1.38e-16 MAX ERR= 1.38e-16 TIME ERR= 6.724e-9 MEM=396
 +00:00:00| Step 313 Time= 0.609962 Dt= 0.001123 Nodes=9 Cells=2 RMS ERR= 1.63e-16 MAX ERR= 1.71e-16 TIME ERR= 9.458e-9 MEM=396
 +00:00:00| Step 314 Time= 0.611221 Dt= 0.001260 Nodes=9 Cells=2 RMS ERR= 3.24e-16 MAX ERR= 3.38e-16 TIME ERR= 1.330e-8 MEM=396
 +00:00:00| Step 315 Time= 0.612635 Dt= 0.001414 Nodes=9 Cells=2 RMS ERR= 1.28e-16 MAX ERR= 1.33e-16 TIME ERR= 1.868e-8 MEM=396
 +00:00:00| Step 316 Time= 0.614221 Dt= 0.001586 Nodes=9 Cells=2 RMS ERR= 1.79e-16 MAX ERR= 1.79e-16 TIME ERR= 2.624e-8 MEM=396
 +00:00:00| Step 317 Time= 0.616000 Dt= 0.001780 Nodes=9 Cells=2 RMS ERR= 5.44e-16 MAX ERR= 5.68e-16 TIME ERR= 3.682e-8 MEM=396
 +00:00:00| Step 318 Time= 0.617997 Dt= 0.001997 Nodes=9 Cells=2 RMS ERR= 7.36e-16 MAX ERR= 7.51e-16 TIME ERR= 5.163e-8 MEM=396
 +00:00:00| Step 319 Time= 0.620237 Dt= 0.002240 Nodes=9 Cells=2 RMS ERR= 1.21e-15 MAX ERR= 1.21e-15 TIME ERR= 7.233e-8 MEM=396
 +00:00:00| Step 320 Time= 0.622751 Dt= 0.002514 Nodes=9 Cells=2 RMS ERR= 2.20e-15 MAX ERR= 2.21e-15 TIME ERR= 1.012e-7 MEM=396
 +00:00:00| Step 321 Time= 0.625571 Dt= 0.002820 Nodes=9 Cells=2 RMS ERR= 3.92e-15 MAX ERR= 3.93e-15 TIME ERR= 1.416e-7 MEM=396
 +00:00:00| Step 322 Time= 0.628736 Dt= 0.003165 Nodes=9 Cells=2 RMS ERR= 6.94e-15 MAX ERR= 6.94e-15 TIME ERR= 1.977e-7 MEM=396
 +00:00:00| Step 323 Time= 0.632287 Dt= 0.003551 Nodes=9 Cells=2 RMS ERR= 1.24e-14 MAX ERR= 1.24e-14 TIME ERR= 2.758e-7 MEM=396
 +00:00:00| Step 324 Time= 0.636270 Dt= 0.003984 Nodes=9 Cells=2 RMS ERR= 2.18e-14 MAX ERR= 2.18e-14 TIME ERR= 3.842e-7 MEM=396
 +00:00:00| Step 325 Time= 0.640740 Dt= 0.004470 Nodes=9 Cells=2 RMS ERR= 3.86e-14 MAX ERR= 3.87e-14 TIME ERR= 5.345e-7 MEM=396
 +00:00:00| Step 326 Time= 0.645756 Dt= 0.005015 Nodes=9 Cells=2 RMS ERR= 6.82e-14 MAX ERR= 6.82e-14 TIME ERR= 7.422e-7 MEM=396
 +00:00:00| Step 327 Time= 0.651383 Dt= 0.005627 Nodes=9 Cells=2 RMS ERR= 1.21e-13 MAX ERR= 1.21e-13 TIME ERR= 1.029e-6 MEM=396
 +00:00:00| Step 328 Time= 0.657697 Dt= 0.006314 Nodes=9 Cells=2 RMS ERR= 2.13e-13 MAX ERR= 2.13e-13 TIME ERR= 1.423e-6 MEM=396
 +00:00:00| Step 329 Time= 0.664782 Dt= 0.007084 Nodes=9 Cells=2 RMS ERR= 3.77e-13 MAX ERR= 3.77e-13 TIME ERR= 1.965e-6 MEM=396
 +00:00:00| Step 330 Time= 0.672730 Dt= 0.007949 Nodes=9 Cells=2 RMS ERR= 6.66e-13 MAX ERR= 6.66e-13 TIME ERR= 2.706e-6 MEM=396
 +00:00:00| Step 331 Time= 0.682667 Dt= 0.009936 Nodes=9 Cells=2 RMS ERR= 1.73e-12 MAX ERR= 1.73e-12 TIME ERR= 4.959e-6 MEM=396
 +00:00:00| Step 332 Time= 0.691585 Dt= 0.008919 Nodes=9 Cells=2 RMS ERR= 1.51e-12 MAX ERR= 1.51e-12 TIME ERR= 3.714e-6 MEM=396
 +00:00:00| Step 333 Time= 0.701592 Dt= 0.010007 Nodes=9 Cells=2 RMS ERR= 2.36e-12 MAX ERR= 2.36e-12 TIME ERR= 5.337e-6 MEM=398
 +00:00:00| Step 334 Time= 0.712821 Dt= 0.011228 Nodes=9 Cells=2 RMS ERR= 3.61e-12 MAX ERR= 3.61e-12 TIME ERR= 6.911e-6 MEM=398
 +00:00:00| Step 335 Time= 0.725419 Dt= 0.012598 Nodes=9 Cells=2 RMS ERR= 6.34e-12 MAX ERR= 6.34e-12 TIME ERR= 9.278e-6 MEM=398
 +00:00:00| Step 336 Time= 0.739554 Dt= 0.014135 Nodes=9 Cells=2 RMS ERR= 1.11e-11 MAX ERR= 1.11e-11 TIME ERR= 1.256e-5 MEM=398
 +00:00:00| Step 337 Time= 0.755414 Dt= 0.015860 Nodes=9 Cells=2 RMS ERR= 1.95e-11 MAX ERR= 1.95e-11 TIME ERR= 1.699e-5 MEM=398
 +00:00:00| Step 338 Time= 0.768000 Dt= 0.012586 Nodes=9 Cells=2 RMS ERR= 1.02e-11 MAX ERR= 1.02e-11 TIME ERR= 9.150e-6 MEM=398
 +00:00:00| Step 339 Time= 0.785795 Dt= 0.017795 Nodes=9 Cells=2 RMS ERR= 3.04e-11 MAX ERR= 3.04e-11 TIME ERR= 2.370e-5 MEM=398
 +00:00:00| Step 340 Time= 0.805762 Dt= 0.019967 Nodes=9 Cells=2 RMS ERR= 5.18e-11 MAX ERR= 5.18e-11 TIME ERR= 2.869e-5 MEM=398
 +00:00:00| Step 341 Time= 0.828165 Dt= 0.022403 Nodes=9 Cells=2 RMS ERR= 1.02e-10 MAX ERR= 1.02e-10 TIME ERR= 3.977e-5 MEM=398
 +00:00:00| Step 342 Time= 0.853333 Dt= 0.025168 Nodes=9 Cells=2 RMS ERR= 1.79e-10 MAX ERR= 1.79e-10 TIME ERR= 5.386e-5 MEM=398
 +00:00:00| Step 343 Time= 0.878470 Dt= 0.025137 Nodes=9 Cells=2 RMS ERR= 2.06e-10 MAX ERR= 2.06e-10 TIME ERR= 5.294e-5 MEM=398
 +00:00:00| Step 344 Time= 0.906674 Dt= 0.028204 Nodes=9 Cells=2 RMS ERR= 3.26e-10 MAX ERR= 3.26e-10 TIME ERR= 7.146e-5 MEM=398
 +00:00:00| Step 345 Time= 0.938667 Dt= 0.031993 Nodes=9 Cells=2 RMS ERR= 5.47e-10 MAX ERR= 5.47e-10 TIME ERR= 9.501e-5 MEM=398
 +00:00:00| Step 346 Time= 0.970312 Dt= 0.031645 Nodes=9 Cells=2 RMS ERR= 6.13e-10 MAX ERR= 6.13e-10 TIME ERR= 8.969e-5 MEM=398
 +00:00:00| Step 347 Time= 1.005818 Dt= 0.035506 Nodes=9 Cells=2 RMS ERR= 9.67e-10 MAX ERR= 9.67e-10 TIME ERR= 1.208e-4 MEM=398
 +00:00:00| Step 348 Time= 1.024000 Dt= 0.018182 Nodes=9 Cells=2 RMS ERR= 1.09e-10 MAX ERR= 1.09e-10 TIME ERR= 1.941e-5 MEM=398
 +00:00:00| Step 349 Time= 1.063839 Dt= 0.039839 Nodes=9 Cells=2 RMS ERR= 1.072e-9 MAX ERR= 1.072e-9 TIME ERR= 1.682e-4 MEM=398
 +00:00:00| Step 350 Time= 1.109333 Dt= 0.045495 Nodes=9 Cells=2 RMS ERR= 2.127e-9 MAX ERR= 2.127e-9 TIME ERR= 1.847e-4 MEM=398
 +00:00:00| Step 351 Time= 1.154033 Dt= 0.044700 Nodes=9 Cells=2 RMS ERR= 3.230e-9 MAX ERR= 3.230e-9 TIME ERR= 1.890e-4 MEM=398
 +00:00:00| Step 352 Time= 1.194667 Dt= 0.040634 Nodes=9 Cells=2 RMS ERR= 2.498e-9 MAX ERR= 2.498e-9 TIME ERR= 1.510e-4 MEM=398
 +00:00:00| Step 353 Time= 1.239366 Dt= 0.044700 Nodes=9 Cells=2 RMS ERR= 3.229e-9 MAX ERR= 3.229e-9 TIME ERR= 1.920e-4 MEM=398
 +00:00:00| Step 354 Time= 1.280000 Dt= 0.040634 Nodes=9 Cells=2 RMS ERR= 2.414e-9 MAX ERR= 2.414e-9 TIME ERR= 1.393e-4 MEM=398
 +00:00:00| Step 355 Time= 1.324700 Dt= 0.044700 Nodes=9 Cells=2 RMS ERR= 3.429e-9 MAX ERR= 3.429e-9 TIME ERR= 1.792e-4 MEM=398
 +00:00:00| Step 356 Time= 1.365333 Dt= 0.040634 Nodes=9 Cells=2 RMS ERR= 2.613e-9 MAX ERR= 2.613e-9 TIME ERR= 1.312e-4 MEM=398
 +00:00:00| Step 357 Time= 1.415487 Dt= 0.050154 Nodes=9 Cells=2 RMS ERR= 5.703e-9 MAX ERR= 5.703e-9 TIME ERR= 2.303e-4 MEM=398
 +00:00:00| Step 358 Time= 1.450667 Dt= 0.035179 Nodes=9 Cells=2 RMS ERR= 1.989e-9 MAX ERR= 1.989e-9 TIME ERR= 8.421e-5 MEM=398
 +00:00:00| Step 359 Time= 1.500821 Dt= 0.050154 Nodes=9 Cells=2 RMS ERR= 6.333e-9 MAX ERR= 6.333e-9 TIME ERR= 2.338e-4 MEM=398
 +00:00:00| Step 360 Time= 1.536000 Dt= 0.035179 Nodes=9 Cells=2 RMS ERR= 2.107e-9 MAX ERR= 2.107e-9 TIME ERR= 7.959e-5 MEM=398
 +00:00:00| Step 361 Time= 1.592274 Dt= 0.056274 Nodes=9 Cells=2 RMS ERR= 1.125e-8 MAX ERR= 1.125e-8 TIME ERR= 3.058e-4 MEM=398
 +00:00:00| Step 362 Time= 1.621333 Dt= 0.029060 Nodes=9 Cells=2 RMS ERR= 1.469e-9 MAX ERR= 1.469e-9 TIME ERR= 4.584e-5 MEM=398
 +00:00:00| Step 363 Time= 1.677607 Dt= 0.056274 Nodes=9 Cells=2 RMS ERR= 1.290e-8 MAX ERR= 1.290e-8 TIME ERR= 3.203e-4 MEM=398
 +00:00:00| Step 364 Time= 1.706667 Dt= 0.029060 Nodes=9 Cells=2 RMS ERR= 1.579e-9 MAX ERR= 1.579e-9 TIME ERR= 4.458e-5 MEM=398
 +00:00:00| Step 365 Time= 1.769807 Dt= 0.063140 Nodes=9 Cells=2 RMS ERR= 2.368e-8 MAX ERR= 2.368e-8 TIME ERR= 4.593e-4 MEM=398
 +00:00:00| Step 366 Time= 1.792000 Dt= 0.022193 Nodes=9 Cells=2 RMS ERR= 8.91e-10 MAX ERR= 8.91e-10 TIME ERR= 2.367e-5 MEM=398
 +00:00:00| Step 367 Time= 1.855140 Dt= 0.063140 Nodes=9 Cells=2 RMS ERR= 2.725e-8 MAX ERR= 2.725e-8 TIME ERR= 5.510e-4 MEM=398
 +00:00:00| Step 368 Time= 1.877333 Dt= 0.022193 Nodes=9 Cells=2 RMS ERR= 9.45e-10 MAX ERR= 9.45e-10 TIME ERR= 2.537e-5 MEM=398
 +00:00:00| Step 369 Time= 1.962667 Dt= 0.085333 Nodes=9 Cells=2 RMS ERR= 1.053e-7 MAX ERR= 1.053e-7 TIME ERR= 0.001325 MEM=398
 +00:00:00| Step 370 Time= 2.048000 Dt= 0.085333 Nodes=9 Cells=2 RMS ERR= 1.907e-7 MAX ERR= 1.907e-7 TIME ERR= 0.001221 MEM=398
 +00:00:00| Step 371 Time= 2.133333 Dt= 0.085333 Nodes=9 Cells=2 RMS ERR= 3.780e-7 MAX ERR= 3.780e-7 TIME ERR= 0.001622 MEM=398
 +00:00:00| Step 372 Time= 2.218667 Dt= 0.085333 Nodes=9 Cells=2 RMS ERR= 4.433e-7 MAX ERR= 4.433e-7 TIME ERR= 0.001872 MEM=398
 +00:00:00| Step 373 Time= 2.304000 Dt= 0.085333 Nodes=9 Cells=2 RMS ERR= 5.195e-7 MAX ERR= 5.195e-7 TIME ERR= 0.002080 MEM=398
 +00:00:00| Step 374 Time= 2.389333 Dt= 0.085333 Nodes=9 Cells=2 RMS ERR= 6.063e-7 MAX ERR= 6.063e-7 TIME ERR= 0.002281 MEM=398
 +00:00:00| Step 375 Time= 2.474667 Dt= 0.085333 Nodes=9 Cells=2 RMS ERR= 7.042e-7 MAX ERR= 7.042e-7 TIME ERR= 0.002490 MEM=398
 +00:00:00| Step 376 Time= 2.560000 Dt= 0.085333 Nodes=9 Cells=2 RMS ERR= 8.140e-7 MAX ERR= 8.140e-7 TIME ERR= 0.002711 MEM=398
 +00:00:00| Step 377 Time= 2.645333 Dt= 0.085333 Nodes=9 Cells=2 RMS ERR= 9.366e-7 MAX ERR= 9.366e-7 TIME ERR= 0.002948 MEM=398
 +00:00:00| Step 378 Time= 2.730667 Dt= 0.085333 Nodes=9 Cells=2 RMS ERR= 1.073e-6 MAX ERR= 1.073e-6 TIME ERR= 0.003206 MEM=398
 +00:00:00| Step 379 Time= 2.816000 Dt= 0.085333 Nodes=9 Cells=2 RMS ERR= 1.225e-6 MAX ERR= 1.225e-6 TIME ERR= 0.003486 MEM=398
 +00:00:00| Step 380 Time= 2.901333 Dt= 0.085333 Nodes=9 Cells=2 RMS ERR= 1.393e-6 MAX ERR= 1.393e-6 TIME ERR= 0.003794 MEM=398
 +00:00:00| Step 381 Time= 2.986667 Dt= 0.085333 Nodes=9 Cells=2 RMS ERR= 1.580e-6 MAX ERR= 1.580e-6 TIME ERR= 0.004133 MEM=398
 +00:00:00| Step 382 Time= 3.053659 Dt= 0.066992 Nodes=9 Cells=2 RMS ERR= 7.622e-7 MAX ERR= 7.622e-7 TIME ERR= 0.002359 MEM=398
 +00:00:00| Step 383 Time= 3.072000 Dt= 0.018341 Nodes=9 Cells=2 RMS ERR= 1.004e-8 MAX ERR= 1.004e-8 TIME ERR= 8.169e-5 MEM=398
 +00:00:00| Step 384 Time= 3.135409 Dt= 0.063409 Nodes=9 Cells=2 RMS ERR= 2.351e-7 MAX ERR= 2.351e-7 TIME ERR= 0.002760 MEM=398
 +00:00:00| Step 385 Time= 3.157333 Dt= 0.021924 Nodes=9 Cells=2 RMS ERR= 7.073e-9 MAX ERR= 7.073e-9 TIME ERR= 9.450e-5 MEM=398
 +00:00:00| Step 386 Time= 3.214286 Dt= 0.056953 Nodes=9 Cells=2 RMS ERR= 1.810e-7 MAX ERR= 1.810e-7 TIME ERR= 0.001766 MEM=398
 +00:00:00| Step 387 Time= 3.242667 Dt= 0.028381 Nodes=9 Cells=2 RMS ERR= 1.733e-8 MAX ERR= 1.733e-8 TIME ERR= 2.099e-4 MEM=398
 +00:00:00| Step 388 Time= 3.299619 Dt= 0.056953 Nodes=9 Cells=2 RMS ERR= 2.094e-7 MAX ERR= 2.094e-7 TIME ERR= 0.001808 MEM=398
 +00:00:00| Step 389 Time= 3.328000 Dt= 0.028381 Nodes=9 Cells=2 RMS ERR= 2.169e-8 MAX ERR= 2.169e-8 TIME ERR= 2.411e-4 MEM=398
 +00:00:00| Step 390 Time= 3.384953 Dt= 0.056953 Nodes=9 Cells=2 RMS ERR= 2.334e-7 MAX ERR= 2.334e-7 TIME ERR= 0.002027 MEM=398
 +00:00:00| Step 391 Time= 3.413333 Dt= 0.028381 Nodes=9 Cells=2 RMS ERR= 2.412e-8 MAX ERR= 2.412e-8 TIME ERR= 2.679e-4 MEM=398
 +00:00:00| Step 392 Time= 3.470286 Dt= 0.056953 Nodes=9 Cells=2 RMS ERR= 2.594e-7 MAX ERR= 2.594e-7 TIME ERR= 0.002253 MEM=398
 +00:00:00| Step 393 Time= 3.498667 Dt= 0.028381 Nodes=9 Cells=2 RMS ERR= 2.672e-8 MAX ERR= 2.672e-8 TIME ERR= 2.982e-4 MEM=398
 +00:00:00| Step 394 Time= 3.555619 Dt= 0.056953 Nodes=9 Cells=2 RMS ERR= 2.871e-7 MAX ERR= 2.871e-7 TIME ERR= 0.002512 MEM=398
 +00:00:00| Step 395 Time= 3.584000 Dt= 0.028381 Nodes=9 Cells=2 RMS ERR= 2.943e-8 MAX ERR= 2.943e-8 TIME ERR= 3.335e-4 MEM=398
 +00:00:00| Step 396 Time= 3.636787 Dt= 0.052787 Nodes=9 Cells=2 RMS ERR= 2.384e-7 MAX ERR= 2.384e-7 TIME ERR= 0.002310 MEM=398
 +00:00:00| Step 397 Time= 3.669333 Dt= 0.032546 Nodes=9 Cells=2 RMS ERR= 4.682e-8 MAX ERR= 4.682e-8 TIME ERR= 5.479e-4 MEM=398
 +00:00:00| Step 398 Time= 3.722121 Dt= 0.052787 Nodes=9 Cells=2 RMS ERR= 2.651e-7 MAX ERR= 2.651e-7 TIME ERR= 0.002502 MEM=398
 +00:00:00| Step 399 Time= 3.754667 Dt= 0.032546 Nodes=9 Cells=2 RMS ERR= 5.445e-8 MAX ERR= 5.445e-8 TIME ERR= 6.355e-4 MEM=398
 +00:00:00| Step 400 Time= 3.803658 Dt= 0.048992 Nodes=9 Cells=2 RMS ERR= 2.174e-7 MAX ERR= 2.174e-7 TIME ERR= 0.002356 MEM=398
 +00:00:00| Step 401 Time= 3.840000 Dt= 0.036342 Nodes=9 Cells=2 RMS ERR= 7.813e-8 MAX ERR= 7.813e-8 TIME ERR= 9.843e-4 MEM=398
 +00:00:00| Step 402 Time= 3.886389 Dt= 0.046389 Nodes=9 Cells=2 RMS ERR= 1.913e-7 MAX ERR= 1.913e-7 TIME ERR= 0.002253 MEM=398
 +00:00:00| Step 403 Time= 3.925333 Dt= 0.038944 Nodes=9 Cells=2 RMS ERR= 1.040e-7 MAX ERR= 1.040e-7 TIME ERR= 0.001397 MEM=398
 +00:00:00| Step 404 Time= 3.971723 Dt= 0.046389 Nodes=9 Cells=2 RMS ERR= 1.966e-7 MAX ERR= 1.966e-7 TIME ERR= 0.002558 MEM=398
 +00:00:00| Step 405 Time= 4.010667 Dt= 0.038944 Nodes=9 Cells=2 RMS ERR= 1.072e-7 MAX ERR= 1.072e-7 TIME ERR= 0.001647 MEM=398
 +00:00:00| Step 406 Time= 4.053401 Dt= 0.042734 Nodes=9 Cells=2 RMS ERR= 1.395e-7 MAX ERR= 1.395e-7 TIME ERR= 0.002413 MEM=398
 +00:00:00| Step 407 Time= 4.096000 Dt= 0.042599 Nodes=9 Cells=2 RMS ERR= 1.216e-7 MAX ERR= 1.216e-7 TIME ERR= 0.002476 MEM=398
 +00:00:00| Step 408 Time= 4.135671 Dt= 0.039671 Nodes=9 Cells=2 RMS ERR= 8.867e-8 MAX ERR= 8.867e-8 TIME ERR= 0.002258 MEM=398
 +00:00:00| Step 409 Time= 4.181333 Dt= 0.045662 Nodes=9 Cells=2 RMS ERR= 1.074e-7 MAX ERR= 1.074e-7 TIME ERR= 0.003621 MEM=398
 +00:00:00| Step 410 Time= 4.218798 Dt= 0.037465 Nodes=9 Cells=2 RMS ERR= 3.410e-8 MAX ERR= 3.410e-8 TIME ERR= 0.002267 MEM=398
 +00:00:00| Step 411 Time= 4.256264 Dt= 0.037465 Nodes=9 Cells=2 RMS ERR= 4.348e-9 MAX ERR= 4.348e-9 TIME ERR= 0.002627 MEM=398
 +00:00:00| STEP FAILED. RETRY at Dt= 0.001911
 +00:00:00| Step 412 Time= 4.258175 Dt= 0.001911 Nodes=9 Cells=2 RMS ERR= 1.37e-12 MAX ERR= 1.37e-12 TIME ERR= 6.732e-7 MEM=398
 +00:00:00| Step 413 Time= 4.260086 Dt= 0.001911 Nodes=9 Cells=2 RMS ERR= 3.64e-13 MAX ERR= 3.64e-13 TIME ERR= 4.653e-6 MEM=398
 +00:00:00| Step 414 Time= 4.262230 Dt= 0.002144 Nodes=9 Cells=2 RMS ERR= 3.30e-14 MAX ERR= 3.30e-14 TIME ERR= 2.378e-6 MEM=398
 +00:00:00| Step 415 Time= 4.264635 Dt= 0.002406 Nodes=9 Cells=2 RMS ERR= 6.26e-14 MAX ERR= 6.27e-14 TIME ERR= 1.423e-6 MEM=398
 +00:00:00| STEP FAILED. RETRY at Dt= 5.318e-4
 +00:00:00| Step 416 Time= 4.265167 Dt= 5.318e-4 Nodes=9 Cells=2 RMS ERR= 6.06e-16 MAX ERR= 6.21e-16 TIME ERR= 1.653e-8 MEM=398
 +00:00:00| Step 417 Time= 4.265699 Dt= 5.318e-4 Nodes=9 Cells=2 RMS ERR= 1.99e-16 MAX ERR= 2.07e-16 TIME ERR= 3.046e-8 MEM=398
 +00:00:00| Step 418 Time= 4.266296 Dt= 5.967e-4 Nodes=9 Cells=2 RMS ERR= 6.55e-17 MAX ERR= 6.55e-17 TIME ERR= 2.096e-8 MEM=398
 +00:00:00| STEP FAILED. RETRY at Dt= 1.784e-4
 +00:00:00| Step 419 Time= 4.266474 Dt= 1.784e-4 Nodes=9 Cells=2 RMS ERR= 1.21e-17 MAX ERR= 1.21e-17 TIME ERR= 5.69e-10 MEM=398
 +00:00:00| STEP FAILED. RETRY at Dt= 1.075e-4
 +00:00:00| Step 420 Time= 4.266582 Dt= 1.075e-4 Nodes=9 Cells=2 RMS ERR= 2.65e-18 MAX ERR= 2.65e-18 TIME ERR= 2.39e-10 MEM=398
 +00:00:00| Step 421 Time= 4.266667 Dt= 8.517e-5 Nodes=9 Cells=2 RMS ERR= 1.51e-11 MAX ERR= 1.51e-11 TIME ERR= 0.004567 MEM=398
 +00:00:00| --DONE-- 11:31:10 1/22/24
